TN:
SF:c:\Users\phezzy\Desktop\CAPSTONE\CAPSTONE-backend\.eslintrc.js
FNF:0
FNH:0
DA:1,0
LF:1
LH:0
BRF:0
BRH:0
end_of_record
TN:
SF:c:\Users\phezzy\Desktop\CAPSTONE\CAPSTONE-backend\app.js
FN:15,(anonymous_0)
FN:23,(anonymous_1)
FN:25,(anonymous_2)
FN:31,(anonymous_3)
FN:32,(anonymous_4)
FN:50,(anonymous_5)
FN:58,(anonymous_6)
FNF:7
FNH:4
FNDA:12,(anonymous_0)
FNDA:1,(anonymous_1)
FNDA:0,(anonymous_2)
FNDA:12,(anonymous_3)
FNDA:12,(anonymous_4)
FNDA:0,(anonymous_5)
FNDA:0,(anonymous_6)
DA:2,1
DA:3,1
DA:4,1
DA:5,1
DA:7,1
DA:8,1
DA:9,1
DA:10,1
DA:12,1
DA:15,1
DA:16,12
DA:17,12
DA:18,12
DA:19,12
DA:23,1
DA:24,1
DA:26,0
DA:30,1
DA:31,1
DA:32,12
DA:33,12
DA:34,0
DA:35,0
DA:36,0
DA:38,12
DA:44,1
DA:45,1
DA:46,1
DA:47,1
DA:50,1
DA:52,0
DA:53,0
DA:54,0
DA:58,1
DA:59,0
DA:66,1
LF:36
LH:28
BRDA:33,0,0,0
BRDA:33,0,1,12
BRDA:59,1,0,0
BRDA:59,1,1,0
BRF:4
BRH:1
end_of_record
TN:
SF:c:\Users\phezzy\Desktop\CAPSTONE\CAPSTONE-backend\dbconn.js
FNF:0
FNH:0
DA:1,1
DA:2,1
DA:4,1
DA:12,1
LF:4
LH:4
BRDA:9,0,0,0
BRDA:9,0,1,1
BRF:2
BRH:1
end_of_record
TN:
SF:c:\Users\phezzy\Desktop\CAPSTONE\CAPSTONE-backend\server.js
FN:5,(anonymous_0)
FN:20,(anonymous_1)
FN:41,(anonymous_2)
FNF:3
FNH:0
FNDA:0,(anonymous_0)
FNDA:0,(anonymous_1)
FNDA:0,(anonymous_2)
DA:1,0
DA:2,0
DA:5,0
DA:6,0
DA:8,0
DA:9,0
DA:11,0
DA:12,0
DA:14,0
DA:16,0
DA:17,0
DA:18,0
DA:20,0
DA:21,0
DA:22,0
DA:24,0
DA:25,0
DA:26,0
DA:28,0
DA:29,0
DA:30,0
DA:32,0
DA:33,0
DA:34,0
DA:36,0
DA:40,0
DA:41,0
DA:42,0
DA:43,0
DA:44,0
DA:47,0
LF:31
LH:0
BRDA:8,0,0,0
BRDA:8,0,1,0
BRDA:11,1,0,0
BRDA:11,1,1,0
BRDA:16,2,0,0
BRDA:16,2,1,0
BRDA:21,3,0,0
BRDA:21,3,1,0
BRDA:25,4,0,0
BRDA:25,4,1,0
BRDA:26,5,0,0
BRDA:26,5,1,0
BRDA:26,5,2,0
BRDA:43,6,0,0
BRDA:43,6,1,0
BRF:15
BRH:0
end_of_record
TN:
SF:c:\Users\phezzy\Desktop\CAPSTONE\CAPSTONE-backend\controllers\articles.js
FN:6,(anonymous_0)
FN:7,(anonymous_1)
FN:24,(anonymous_2)
FN:39,(anonymous_3)
FN:42,(anonymous_4)
FN:53,(anonymous_5)
FN:60,(anonymous_6)
FN:75,(anonymous_7)
FN:76,(anonymous_8)
FN:93,(anonymous_9)
FN:112,(anonymous_10)
FN:139,(anonymous_11)
FN:148,(anonymous_12)
FN:156,(anonymous_13)
FN:171,(anonymous_14)
FN:172,(anonymous_15)
FN:194,(anonymous_16)
FN:208,(anonymous_17)
FN:220,(anonymous_18)
FN:228,(anonymous_19)
FN:243,(anonymous_20)
FN:253,(anonymous_21)
FN:267,(anonymous_22)
FNF:23
FNH:14
FNDA:1,(anonymous_0)
FNDA:1,(anonymous_1)
FNDA:2,(anonymous_2)
FNDA:1,(anonymous_3)
FNDA:1,(anonymous_4)
FNDA:0,(anonymous_5)
FNDA:0,(anonymous_6)
FNDA:1,(anonymous_7)
FNDA:1,(anonymous_8)
FNDA:2,(anonymous_9)
FNDA:1,(anonymous_10)
FNDA:0,(anonymous_11)
FNDA:0,(anonymous_12)
FNDA:0,(anonymous_13)
FNDA:1,(anonymous_14)
FNDA:1,(anonymous_15)
FNDA:1,(anonymous_16)
FNDA:0,(anonymous_17)
FNDA:0,(anonymous_18)
FNDA:0,(anonymous_19)
FNDA:1,(anonymous_20)
FNDA:1,(anonymous_21)
FNDA:0,(anonymous_22)
DA:2,1
DA:3,1
DA:6,1
DA:7,1
DA:8,1
DA:9,1
DA:12,1
DA:13,1
DA:14,1
DA:15,0
DA:18,1
DA:19,1
DA:20,1
DA:21,0
DA:23,1
DA:24,1
DA:25,2
DA:26,0
DA:27,0
DA:31,1
DA:33,1
DA:36,1
DA:38,1
DA:41,1
DA:44,1
DA:54,0
DA:55,0
DA:61,0
DA:62,0
DA:68,0
DA:75,1
DA:76,1
DA:77,1
DA:78,1
DA:81,1
DA:82,1
DA:83,1
DA:84,0
DA:87,1
DA:88,1
DA:89,1
DA:90,0
DA:92,1
DA:93,1
DA:94,2
DA:95,0
DA:96,0
DA:100,1
DA:102,1
DA:105,1
DA:107,1
DA:113,1
DA:115,1
DA:119,0
DA:121,0
DA:128,0
DA:140,0
DA:149,0
DA:150,0
DA:157,0
DA:158,0
DA:164,0
DA:171,1
DA:172,1
DA:173,1
DA:176,1
DA:177,1
DA:178,1
DA:180,1
DA:182,1
DA:185,1
DA:187,1
DA:195,1
DA:196,1
DA:202,0
DA:203,0
DA:209,0
DA:221,0
DA:222,0
DA:229,0
DA:230,0
DA:236,0
DA:243,1
DA:245,1
DA:254,1
DA:255,1
DA:260,0
DA:268,0
DA:269,0
LF:89
LH:56
BRDA:12,0,0,1
BRDA:12,0,1,0
BRDA:14,1,0,0
BRDA:14,1,1,1
BRDA:18,2,0,1
BRDA:18,2,1,0
BRDA:20,3,0,0
BRDA:20,3,1,1
BRDA:25,4,0,0
BRDA:25,4,1,2
BRDA:27,5,0,0
BRDA:27,5,1,0
BRDA:31,6,0,1
BRDA:31,6,1,0
BRDA:36,7,0,1
BRDA:36,7,1,0
BRDA:81,8,0,1
BRDA:81,8,1,0
BRDA:83,9,0,0
BRDA:83,9,1,1
BRDA:87,10,0,1
BRDA:87,10,1,0
BRDA:89,11,0,0
BRDA:89,11,1,1
BRDA:94,12,0,0
BRDA:94,12,1,2
BRDA:96,13,0,0
BRDA:96,13,1,0
BRDA:100,14,0,1
BRDA:100,14,1,0
BRDA:105,15,0,1
BRDA:105,15,1,0
BRDA:113,16,0,1
BRDA:113,16,1,0
BRDA:119,17,0,0
BRDA:119,17,1,0
BRDA:176,18,0,1
BRDA:176,18,1,0
BRDA:178,19,0,0
BRDA:178,19,1,1
BRDA:180,20,0,1
BRDA:180,20,1,0
BRDA:185,21,0,1
BRDA:185,21,1,0
BRDA:195,22,0,1
BRDA:195,22,1,0
BRDA:254,23,0,1
BRDA:254,23,1,0
BRF:48
BRH:21
end_of_record
TN:
SF:c:\Users\phezzy\Desktop\CAPSTONE\CAPSTONE-backend\controllers\auth.js
FN:11,(anonymous_0)
FN:12,(anonymous_1)
FN:25,(anonymous_2)
FN:27,(anonymous_3)
FN:84,(anonymous_4)
FN:98,(anonymous_5)
FN:99,(anonymous_6)
FN:103,(anonymous_7)
FN:106,(anonymous_8)
FN:118,(anonymous_9)
FN:128,(anonymous_10)
FN:135,(anonymous_11)
FN:143,(anonymous_12)
FN:145,(anonymous_13)
FN:152,(anonymous_14)
FN:160,(anonymous_15)
FN:162,(anonymous_16)
FN:165,(anonymous_17)
FN:174,(anonymous_18)
FN:182,(anonymous_19)
FN:195,(anonymous_20)
FN:208,(anonymous_21)
FNF:22
FNH:10
FNDA:1,(anonymous_0)
FNDA:1,(anonymous_1)
FNDA:1,(anonymous_2)
FNDA:6,(anonymous_3)
FNDA:9,(anonymous_4)
FNDA:0,(anonymous_5)
FNDA:0,(anonymous_6)
FNDA:0,(anonymous_7)
FNDA:0,(anonymous_8)
FNDA:0,(anonymous_9)
FNDA:0,(anonymous_10)
FNDA:0,(anonymous_11)
FNDA:0,(anonymous_12)
FNDA:0,(anonymous_13)
FNDA:1,(anonymous_14)
FNDA:1,(anonymous_15)
FNDA:1,(anonymous_16)
FNDA:1,(anonymous_17)
FNDA:1,(anonymous_18)
FNDA:0,(anonymous_19)
FNDA:0,(anonymous_20)
FNDA:0,(anonymous_21)
DA:2,1
DA:3,1
DA:4,1
DA:5,1
DA:6,1
DA:8,1
DA:11,1
DA:12,1
DA:13,1
DA:14,1
DA:15,1
DA:25,1
DA:26,1
DA:27,1
DA:28,6
DA:29,1
DA:32,1
DA:36,1
DA:37,1
DA:38,0
DA:41,1
DA:42,1
DA:43,0
DA:46,1
DA:47,1
DA:48,1
DA:49,0
DA:50,0
DA:53,1
DA:54,1
DA:55,0
DA:58,1
DA:59,1
DA:60,0
DA:63,1
DA:64,1
DA:65,1
DA:66,0
DA:69,1
DA:70,1
DA:71,0
DA:74,1
DA:75,1
DA:76,0
DA:79,1
DA:80,1
DA:81,0
DA:83,1
DA:84,1
DA:85,9
DA:86,1
DA:87,1
DA:91,1
DA:93,1
DA:96,1
DA:98,0
DA:99,0
DA:100,0
DA:103,0
DA:105,0
DA:111,0
DA:118,0
DA:119,0
DA:120,0
DA:129,0
DA:130,0
DA:136,0
DA:137,0
DA:144,0
DA:145,0
DA:146,0
DA:152,1
DA:153,1
DA:160,1
DA:161,1
DA:162,1
DA:163,1
DA:164,1
DA:165,1
DA:166,1
DA:167,1
DA:174,1
DA:175,1
DA:183,0
DA:184,0
DA:190,0
DA:196,0
DA:197,0
DA:203,0
DA:209,0
DA:210,0
DA:216,0
LF:92
LH:57
BRDA:16,0,0,1
BRDA:16,0,1,0
BRDA:17,1,0,1
BRDA:17,1,1,0
BRDA:18,2,0,1
BRDA:18,2,1,0
BRDA:19,3,0,1
BRDA:19,3,1,0
BRDA:20,4,0,1
BRDA:20,4,1,0
BRDA:21,5,0,1
BRDA:21,5,1,0
BRDA:22,6,0,1
BRDA:22,6,1,0
BRDA:23,7,0,1
BRDA:23,7,1,0
BRDA:28,8,0,1
BRDA:28,8,1,5
BRDA:28,9,0,6
BRDA:28,9,1,1
BRDA:36,10,0,1
BRDA:36,10,1,0
BRDA:37,11,0,0
BRDA:37,11,1,1
BRDA:41,12,0,1
BRDA:41,12,1,0
BRDA:42,13,0,0
BRDA:42,13,1,1
BRDA:46,14,0,1
BRDA:46,14,1,0
BRDA:47,15,0,1
BRDA:47,15,1,0
BRDA:48,16,0,1
BRDA:48,16,1,0
BRDA:53,17,0,1
BRDA:53,17,1,0
BRDA:54,18,0,0
BRDA:54,18,1,1
BRDA:54,19,0,1
BRDA:54,19,1,1
BRDA:58,20,0,1
BRDA:58,20,1,0
BRDA:59,21,0,0
BRDA:59,21,1,1
BRDA:64,22,0,1
BRDA:64,22,1,0
BRDA:65,23,0,0
BRDA:65,23,1,1
BRDA:69,24,0,1
BRDA:69,24,1,0
BRDA:70,25,0,0
BRDA:70,25,1,1
BRDA:74,26,0,1
BRDA:74,26,1,0
BRDA:75,27,0,0
BRDA:75,27,1,1
BRDA:79,28,0,1
BRDA:79,28,1,0
BRDA:80,29,0,0
BRDA:80,29,1,1
BRDA:85,30,0,1
BRDA:85,30,1,8
BRDA:87,31,0,1
BRDA:87,31,1,0
BRDA:91,32,0,0
BRDA:91,32,1,1
BRDA:96,33,0,0
BRDA:96,33,1,1
BRDA:99,34,0,0
BRDA:99,34,1,0
BRDA:152,35,0,1
BRDA:152,35,1,0
BRDA:152,36,0,0
BRDA:152,36,1,1
BRDA:161,37,0,1
BRDA:161,37,1,0
BRDA:161,38,0,1
BRDA:161,38,1,1
BRDA:163,39,0,1
BRDA:163,39,1,0
BRDA:166,40,0,1
BRDA:166,40,1,0
BRF:82
BRH:45
end_of_record
TN:
SF:c:\Users\phezzy\Desktop\CAPSTONE\CAPSTONE-backend\controllers\gifs.js
FN:7,(anonymous_0)
FN:8,(anonymous_1)
FN:24,(anonymous_2)
FN:39,(anonymous_3)
FN:40,(anonymous_4)
FN:44,(anonymous_5)
FN:47,(anonymous_6)
FN:59,(anonymous_7)
FN:66,(anonymous_8)
FN:73,(anonymous_9)
FN:75,(anonymous_10)
FN:83,(anonymous_11)
FN:92,(anonymous_12)
FN:93,(anonymous_13)
FN:113,(anonymous_14)
FN:138,(anonymous_15)
FN:147,(anonymous_16)
FN:155,(anonymous_17)
FN:170,(anonymous_18)
FN:171,(anonymous_19)
FN:193,(anonymous_20)
FN:207,(anonymous_21)
FN:219,(anonymous_22)
FN:227,(anonymous_23)
FN:242,(anonymous_24)
FN:249,(anonymous_25)
FN:273,(anonymous_26)
FN:280,(anonymous_27)
FN:288,(anonymous_28)
FNF:29
FNH:15
FNDA:1,(anonymous_0)
FNDA:1,(anonymous_1)
FNDA:2,(anonymous_2)
FNDA:1,(anonymous_3)
FNDA:1,(anonymous_4)
FNDA:1,(anonymous_5)
FNDA:1,(anonymous_6)
FNDA:0,(anonymous_7)
FNDA:0,(anonymous_8)
FNDA:0,(anonymous_9)
FNDA:0,(anonymous_10)
FNDA:0,(anonymous_11)
FNDA:1,(anonymous_12)
FNDA:1,(anonymous_13)
FNDA:1,(anonymous_14)
FNDA:0,(anonymous_15)
FNDA:0,(anonymous_16)
FNDA:0,(anonymous_17)
FNDA:1,(anonymous_18)
FNDA:1,(anonymous_19)
FNDA:1,(anonymous_20)
FNDA:0,(anonymous_21)
FNDA:0,(anonymous_22)
FNDA:0,(anonymous_23)
FNDA:1,(anonymous_24)
FNDA:1,(anonymous_25)
FNDA:0,(anonymous_26)
FNDA:0,(anonymous_27)
FNDA:0,(anonymous_28)
DA:2,1
DA:3,1
DA:4,1
DA:5,1
DA:7,1
DA:8,1
DA:9,1
DA:10,1
DA:13,1
DA:14,1
DA:15,1
DA:16,0
DA:19,1
DA:20,1
DA:21,0
DA:23,1
DA:24,1
DA:25,2
DA:26,0
DA:27,0
DA:31,1
DA:33,1
DA:36,1
DA:39,1
DA:40,1
DA:43,1
DA:46,1
DA:49,1
DA:60,0
DA:61,0
DA:67,0
DA:68,0
DA:74,0
DA:75,0
DA:76,0
DA:82,0
DA:83,0
DA:85,0
DA:92,1
DA:93,1
DA:94,1
DA:97,1
DA:98,1
DA:99,1
DA:101,1
DA:103,1
DA:106,1
DA:108,1
DA:114,1
DA:116,1
DA:120,0
DA:122,0
DA:129,0
DA:139,0
DA:148,0
DA:149,0
DA:156,0
DA:157,0
DA:163,0
DA:170,1
DA:171,1
DA:172,1
DA:175,1
DA:176,1
DA:177,1
DA:179,1
DA:181,1
DA:184,1
DA:186,1
DA:194,1
DA:195,1
DA:201,0
DA:202,0
DA:208,0
DA:220,0
DA:221,0
DA:228,0
DA:229,0
DA:235,0
DA:242,1
DA:244,1
DA:250,1
DA:252,1
DA:256,0
DA:258,0
DA:265,0
DA:274,0
DA:281,0
DA:282,0
DA:289,0
DA:290,0
LF:91
LH:52
BRDA:13,0,0,1
BRDA:13,0,1,0
BRDA:15,1,0,0
BRDA:15,1,1,1
BRDA:19,2,0,1
BRDA:19,2,1,0
BRDA:20,3,0,0
BRDA:20,3,1,1
BRDA:25,4,0,0
BRDA:25,4,1,2
BRDA:27,5,0,0
BRDA:27,5,1,0
BRDA:31,6,0,1
BRDA:31,6,1,0
BRDA:36,7,0,1
BRDA:36,7,1,0
BRDA:40,8,0,0
BRDA:40,8,1,1
BRDA:82,9,0,0
BRDA:82,9,1,0
BRDA:83,10,0,0
BRDA:83,10,1,0
BRDA:97,11,0,1
BRDA:97,11,1,0
BRDA:99,12,0,0
BRDA:99,12,1,1
BRDA:101,13,0,1
BRDA:101,13,1,0
BRDA:106,14,0,1
BRDA:106,14,1,0
BRDA:114,15,0,1
BRDA:114,15,1,0
BRDA:120,16,0,0
BRDA:120,16,1,0
BRDA:175,17,0,1
BRDA:175,17,1,0
BRDA:177,18,0,0
BRDA:177,18,1,1
BRDA:179,19,0,1
BRDA:179,19,1,0
BRDA:184,20,0,1
BRDA:184,20,1,0
BRDA:194,21,0,1
BRDA:194,21,1,0
BRDA:250,22,0,1
BRDA:250,22,1,0
BRDA:256,23,0,0
BRDA:256,23,1,0
BRF:48
BRH:19
end_of_record
TN:
SF:c:\Users\phezzy\Desktop\CAPSTONE\CAPSTONE-backend\middleware\authenticate.js
FN:4,(anonymous_0)
FN:4,(anonymous_1)
FN:14,(anonymous_2)
FN:15,(anonymous_3)
FN:22,(anonymous_4)
FN:23,(anonymous_5)
FN:33,(anonymous_6)
FN:42,(anonymous_7)
FN:43,(anonymous_8)
FN:45,(anonymous_9)
FN:56,(anonymous_10)
FN:64,(anonymous_11)
FNF:12
FNH:8
FNDA:11,(anonymous_0)
FNDA:11,(anonymous_1)
FNDA:11,(anonymous_2)
FNDA:0,(anonymous_3)
FNDA:9,(anonymous_4)
FNDA:9,(anonymous_5)
FNDA:0,(anonymous_6)
FNDA:2,(anonymous_7)
FNDA:2,(anonymous_8)
FNDA:2,(anonymous_9)
FNDA:0,(anonymous_10)
FNDA:0,(anonymous_11)
DA:1,1
DA:2,1
DA:4,11
DA:7,11
DA:8,11
DA:9,11
DA:10,11
DA:11,11
DA:13,11
DA:14,11
DA:15,0
DA:17,0
DA:22,1
DA:23,9
DA:24,9
DA:25,9
DA:26,9
DA:28,0
DA:34,0
DA:35,0
DA:42,1
DA:43,2
DA:44,2
DA:45,2
DA:46,2
DA:47,1
DA:48,1
DA:50,1
DA:51,1
DA:57,0
DA:58,0
DA:63,0
DA:65,0
DA:66,0
LF:34
LH:24
BRDA:8,0,0,0
BRDA:8,0,1,11
BRDA:14,1,0,11
BRDA:14,1,1,0
BRDA:24,2,0,9
BRDA:24,2,1,0
BRDA:44,3,0,2
BRDA:44,3,1,0
BRDA:46,4,0,1
BRDA:46,4,1,1
BRDA:46,5,0,2
BRDA:46,5,1,2
BRF:12
BRH:8
end_of_record
TN:
SF:c:\Users\phezzy\Desktop\CAPSTONE\CAPSTONE-backend\middleware\cloudinary.js
FN:10,(anonymous_0)
FN:10,(anonymous_1)
FN:11,(anonymous_2)
FNF:3
FNH:3
FNDA:1,(anonymous_0)
FNDA:1,(anonymous_1)
FNDA:1,(anonymous_2)
DA:1,1
DA:4,1
DA:10,1
DA:11,1
DA:12,1
LF:5
LH:5
BRDA:12,0,0,0
BRDA:12,0,1,1
BRF:2
BRH:1
end_of_record
TN:
SF:c:\Users\phezzy\Desktop\CAPSTONE\CAPSTONE-backend\middleware\get-db-departments.js
FN:3,(anonymous_0)
FN:5,(anonymous_1)
FN:13,(anonymous_2)
FNF:3
FNH:2
FNDA:1,(anonymous_0)
FNDA:1,(anonymous_1)
FNDA:0,(anonymous_2)
DA:1,1
DA:3,1
DA:5,1
DA:6,1
DA:7,1
DA:8,1
DA:9,1
DA:11,1
DA:12,1
DA:14,0
DA:15,0
LF:11
LH:9
BRDA:9,0,0,3
BRDA:9,0,1,6
BRF:2
BRH:2
end_of_record
TN:
SF:c:\Users\phezzy\Desktop\CAPSTONE\CAPSTONE-backend\middleware\get-db-usersEmail.js
FN:3,(anonymous_0)
FN:5,(anonymous_1)
FN:11,(anonymous_2)
FNF:3
FNH:2
FNDA:1,(anonymous_0)
FNDA:1,(anonymous_1)
FNDA:0,(anonymous_2)
DA:1,1
DA:3,1
DA:5,1
DA:6,1
DA:7,1
DA:8,1
DA:10,1
DA:12,0
DA:13,0
LF:9
LH:7
BRF:0
BRH:0
end_of_record
TN:
SF:c:\Users\phezzy\Desktop\CAPSTONE\CAPSTONE-backend\middleware\lib.js
FN:1,(anonymous_0)
FN:2,(anonymous_1)
FNF:2
FNH:2
FNDA:12,(anonymous_0)
FNDA:1,(anonymous_1)
DA:1,12
DA:2,1
LF:2
LH:2
BRDA:1,0,0,0
BRDA:2,1,0,1
BRDA:2,1,1,1
BRF:3
BRH:2
end_of_record
TN:
SF:c:\Users\phezzy\Desktop\CAPSTONE\CAPSTONE-backend\middleware\multer.js
FNF:0
FNH:0
DA:1,1
DA:3,1
LF:2
LH:2
BRF:0
BRH:0
end_of_record
TN:
SF:c:\Users\phezzy\Desktop\CAPSTONE\CAPSTONE-backend\routes\articles.js
FNF:0
FNH:0
DA:1,1
DA:3,1
DA:5,1
DA:6,1
DA:8,1
DA:9,1
DA:10,1
DA:11,1
DA:14,1
LF:9
LH:9
BRF:0
BRH:0
end_of_record
TN:
SF:c:\Users\phezzy\Desktop\CAPSTONE\CAPSTONE-backend\routes\auth.js
FNF:0
FNH:0
DA:1,1
DA:3,1
DA:4,1
DA:5,1
DA:6,1
DA:7,1
DA:8,1
DA:10,1
DA:11,1
DA:13,1
LF:10
LH:10
BRF:0
BRH:0
end_of_record
TN:
SF:c:\Users\phezzy\Desktop\CAPSTONE\CAPSTONE-backend\routes\feed.js
FN:7,(anonymous_0)
FN:17,(anonymous_1)
FN:26,(anonymous_2)
FN:26,(anonymous_3)
FN:36,(anonymous_4)
FN:50,(anonymous_5)
FN:52,(anonymous_6)
FN:62,(anonymous_7)
FN:69,(anonymous_8)
FNF:9
FNH:7
FNDA:1,(anonymous_0)
FNDA:1,(anonymous_1)
FNDA:5,(anonymous_2)
FNDA:5,(anonymous_3)
FNDA:5,(anonymous_4)
FNDA:4,(anonymous_5)
FNDA:0,(anonymous_6)
FNDA:1,(anonymous_7)
FNDA:0,(anonymous_8)
DA:1,1
DA:2,1
DA:4,1
DA:5,1
DA:7,1
DA:9,1
DA:10,1
DA:11,1
DA:18,1
DA:19,0
DA:24,1
DA:25,1
DA:26,5
DA:27,5
DA:28,5
DA:29,5
DA:30,5
DA:37,5
DA:43,5
DA:44,3
DA:45,2
DA:46,5
DA:48,5
DA:49,5
DA:50,4
DA:51,1
DA:53,0
DA:54,0
DA:62,1
DA:63,1
DA:70,0
DA:71,0
DA:75,1
LF:33
LH:28
BRDA:9,0,0,0
BRDA:9,0,1,1
BRDA:9,1,0,1
BRDA:9,1,1,0
BRDA:10,2,0,0
BRDA:10,2,1,1
BRDA:10,3,0,1
BRDA:10,3,1,0
BRDA:18,4,0,0
BRDA:18,4,1,1
BRDA:29,5,0,3
BRDA:29,5,1,2
BRDA:43,6,0,3
BRDA:43,6,1,2
BRDA:49,7,0,4
BRDA:49,7,1,1
BRF:16
BRH:11
end_of_record
TN:
SF:c:\Users\phezzy\Desktop\CAPSTONE\CAPSTONE-backend\routes\gifs.js
FNF:0
FNH:0
DA:1,1
DA:3,1
DA:4,1
DA:5,1
DA:6,1
DA:8,1
DA:9,1
DA:10,1
DA:11,1
DA:13,1
LF:10
LH:10
BRF:0
BRH:0
end_of_record
